Change Component Physical Designator: Old Designator=D31_U_RGB_LED2 New Designator=D51
Change Component Physical Designator: Old Designator=D31_U_RGB_LED3 New Designator=D52
Change Component Physical Designator: Old Designator=D31_U_RGB_LED4 New Designator=D53
Change Component Physical Designator: Old Designator=D31_U_RGB_LED5 New Designator=D54
Change Component Physical Designator: Old Designator=D31_U_RGB_LED6 New Designator=D55
Change Component Physical Designator: Old Designator=D31_U_RGB_LED7 New Designator=D56
Change Component Physical Designator: Old Designator=D31_U_RGB_LED8 New Designator=D57
Change Component Physical Designator: Old Designator=D40 New Designator=D33
Change Component Physical Designator: Old Designator=D41 New Designator=D34
Change Component Physical Designator: Old Designator=D42 New Designator=D35
Change Component Physical Designator: Old Designator=D43 New Designator=D36
Change Component Physical Designator: Old Designator=D44 New Designator=D37
Change Component Physical Designator: Old Designator=D45 New Designator=D38
Change Component Physical Designator: Old Designator=D46 New Designator=D39
Change Component Physical Designator: Old Designator=D47 New Designator=D40
Change Component Physical Designator: Old Designator=D48 New Designator=D41
Change Component Physical Designator: Old Designator=D49 New Designator=D42
Change Component Physical Designator: Old Designator=D50 New Designator=D43
Change Component Physical Designator: Old Designator=D51 New Designator=D44
Change Component Physical Designator: Old Designator=D52 New Designator=D45
Change Component Physical Designator: Old Designator=D53 New Designator=D46
Change Component Physical Designator: Old Designator=D54 New Designator=D47
Change Component Physical Designator: Old Designator=D55 New Designator=D48
Change Component Physical Designator: Old Designator=D56 New Designator=D49
Change Component Physical Designator: Old Designator=D57 New Designator=D50
Change Component Physical Designator: Old Designator=Q3_U_RGB_LED2 New Designator=Q6
Change Component Physical Designator: Old Designator=Q3_U_RGB_LED3 New Designator=Q9
Change Component Physical Designator: Old Designator=Q3_U_RGB_LED4 New Designator=Q12
Change Component Physical Designator: Old Designator=Q3_U_RGB_LED5 New Designator=Q15
Change Component Physical Designator: Old Designator=Q3_U_RGB_LED6 New Designator=Q18
Change Component Physical Designator: Old Designator=Q3_U_RGB_LED7 New Designator=Q21
Change Component Physical Designator: Old Designator=Q3_U_RGB_LED8 New Designator=Q24
Change Component Physical Designator: Old Designator=Q4_U_RGB_LED2 New Designator=Q7
Change Component Physical Designator: Old Designator=Q4_U_RGB_LED3 New Designator=Q10
Change Component Physical Designator: Old Designator=Q4_U_RGB_LED4 New Designator=Q13
Change Component Physical Designator: Old Designator=Q4_U_RGB_LED5 New Designator=Q16
Change Component Physical Designator: Old Designator=Q4_U_RGB_LED6 New Designator=Q19
Change Component Physical Designator: Old Designator=Q4_U_RGB_LED7 New Designator=Q22
Change Component Physical Designator: Old Designator=Q4_U_RGB_LED8 New Designator=Q25
Change Component Physical Designator: Old Designator=Q5_U_RGB_LED2 New Designator=Q8
Change Component Physical Designator: Old Designator=Q5_U_RGB_LED3 New Designator=Q11
Change Component Physical Designator: Old Designator=Q5_U_RGB_LED4 New Designator=Q14
Change Component Physical Designator: Old Designator=Q5_U_RGB_LED5 New Designator=Q17
Change Component Physical Designator: Old Designator=Q5_U_RGB_LED6 New Designator=Q20
Change Component Physical Designator: Old Designator=Q5_U_RGB_LED7 New Designator=Q23
Change Component Physical Designator: Old Designator=Q5_U_RGB_LED8 New Designator=Q26
Change Component Physical Designator: Old Designator=R139_U_RGB_LED2 New Designator=R223
Change Component Physical Designator: Old Designator=R139_U_RGB_LED3 New Designator=R232
Change Component Physical Designator: Old Designator=R139_U_RGB_LED4 New Designator=R241
Change Component Physical Designator: Old Designator=R139_U_RGB_LED5 New Designator=R250
Change Component Physical Designator: Old Designator=R139_U_RGB_LED6 New Designator=R259
Change Component Physical Designator: Old Designator=R139_U_RGB_LED7 New Designator=R268
Change Component Physical Designator: Old Designator=R139_U_RGB_LED8 New Designator=R277
Change Component Physical Designator: Old Designator=R140_U_RGB_LED2 New Designator=R224
Change Component Physical Designator: Old Designator=R140_U_RGB_LED3 New Designator=R233
Change Component Physical Designator: Old Designator=R140_U_RGB_LED4 New Designator=R242
Change Component Physical Designator: Old Designator=R140_U_RGB_LED5 New Designator=R251
Change Component Physical Designator: Old Designator=R140_U_RGB_LED6 New Designator=R260
Change Component Physical Designator: Old Designator=R140_U_RGB_LED7 New Designator=R269
Change Component Physical Designator: Old Designator=R140_U_RGB_LED8 New Designator=R278
Change Component Physical Designator: Old Designator=R141_U_RGB_LED2 New Designator=R225
Change Component Physical Designator: Old Designator=R141_U_RGB_LED3 New Designator=R234
Change Component Physical Designator: Old Designator=R141_U_RGB_LED4 New Designator=R243
Change Component Physical Designator: Old Designator=R141_U_RGB_LED5 New Designator=R252
Change Component Physical Designator: Old Designator=R141_U_RGB_LED6 New Designator=R261
Change Component Physical Designator: Old Designator=R141_U_RGB_LED7 New Designator=R270
Change Component Physical Designator: Old Designator=R141_U_RGB_LED8 New Designator=R279
Change Component Physical Designator: Old Designator=R142_U_RGB_LED2 New Designator=R226
Change Component Physical Designator: Old Designator=R142_U_RGB_LED3 New Designator=R235
Change Component Physical Designator: Old Designator=R142_U_RGB_LED4 New Designator=R244
Change Component Physical Designator: Old Designator=R142_U_RGB_LED5 New Designator=R253
Change Component Physical Designator: Old Designator=R142_U_RGB_LED6 New Designator=R262
Change Component Physical Designator: Old Designator=R142_U_RGB_LED7 New Designator=R271
Change Component Physical Designator: Old Designator=R142_U_RGB_LED8 New Designator=R280
Change Component Physical Designator: Old Designator=R143_U_RGB_LED2 New Designator=R227
Change Component Physical Designator: Old Designator=R143_U_RGB_LED3 New Designator=R236
Change Component Physical Designator: Old Designator=R143_U_RGB_LED4 New Designator=R245
Change Component Physical Designator: Old Designator=R143_U_RGB_LED5 New Designator=R254
Change Component Physical Designator: Old Designator=R143_U_RGB_LED6 New Designator=R263
Change Component Physical Designator: Old Designator=R143_U_RGB_LED7 New Designator=R272
Change Component Physical Designator: Old Designator=R143_U_RGB_LED8 New Designator=R281
Change Component Physical Designator: Old Designator=R144_U_RGB_LED2 New Designator=R228
Change Component Physical Designator: Old Designator=R144_U_RGB_LED3 New Designator=R237
Change Component Physical Designator: Old Designator=R144_U_RGB_LED4 New Designator=R246
Change Component Physical Designator: Old Designator=R144_U_RGB_LED5 New Designator=R255
Change Component Physical Designator: Old Designator=R144_U_RGB_LED6 New Designator=R264
Change Component Physical Designator: Old Designator=R144_U_RGB_LED7 New Designator=R273
Change Component Physical Designator: Old Designator=R144_U_RGB_LED8 New Designator=R282
Change Component Physical Designator: Old Designator=R145_U_RGB_LED2 New Designator=R229
Change Component Physical Designator: Old Designator=R145_U_RGB_LED3 New Designator=R238
Change Component Physical Designator: Old Designator=R145_U_RGB_LED4 New Designator=R247
Change Component Physical Designator: Old Designator=R145_U_RGB_LED5 New Designator=R256
Change Component Physical Designator: Old Designator=R145_U_RGB_LED6 New Designator=R265
Change Component Physical Designator: Old Designator=R145_U_RGB_LED7 New Designator=R274
Change Component Physical Designator: Old Designator=R145_U_RGB_LED8 New Designator=R283
Change Component Physical Designator: Old Designator=R146_U_RGB_LED2 New Designator=R230
Change Component Physical Designator: Old Designator=R146_U_RGB_LED3 New Designator=R239
Change Component Physical Designator: Old Designator=R146_U_RGB_LED4 New Designator=R248
Change Component Physical Designator: Old Designator=R146_U_RGB_LED5 New Designator=R257
Change Component Physical Designator: Old Designator=R146_U_RGB_LED6 New Designator=R266
Change Component Physical Designator: Old Designator=R146_U_RGB_LED7 New Designator=R275
Change Component Physical Designator: Old Designator=R146_U_RGB_LED8 New Designator=R284
Change Component Physical Designator: Old Designator=R147_U_RGB_LED2 New Designator=R231
Change Component Physical Designator: Old Designator=R147_U_RGB_LED3 New Designator=R240
Change Component Physical Designator: Old Designator=R147_U_RGB_LED4 New Designator=R249
Change Component Physical Designator: Old Designator=R147_U_RGB_LED5 New Designator=R258
Change Component Physical Designator: Old Designator=R147_U_RGB_LED6 New Designator=R267
Change Component Physical Designator: Old Designator=R147_U_RGB_LED7 New Designator=R276
Change Component Physical Designator: Old Designator=R147_U_RGB_LED8 New Designator=R285
Change Component Physical Designator: Old Designator=R209 New Designator=R146
Change Component Physical Designator: Old Designator=R210 New Designator=R147
Change Component Physical Designator: Old Designator=R211 New Designator=R148
Change Component Physical Designator: Old Designator=R212 New Designator=R149
Change Component Physical Designator: Old Designator=R213 New Designator=R150
Change Component Physical Designator: Old Designator=R214 New Designator=R151
Change Component Physical Designator: Old Designator=R215 New Designator=R152
Change Component Physical Designator: Old Designator=R216 New Designator=R153
Change Component Physical Designator: Old Designator=R217 New Designator=R154
Change Component Physical Designator: Old Designator=R218 New Designator=R155
Change Component Physical Designator: Old Designator=R219 New Designator=R156
Change Component Physical Designator: Old Designator=R220 New Designator=R157
Change Component Physical Designator: Old Designator=R221 New Designator=R158
Change Component Physical Designator: Old Designator=R222 New Designator=R159
Change Component Physical Designator: Old Designator=R223 New Designator=R160
Change Component Physical Designator: Old Designator=R224 New Designator=R161
Change Component Physical Designator: Old Designator=R225 New Designator=R162
Change Component Physical Designator: Old Designator=R226 New Designator=R163
Change Component Physical Designator: Old Designator=R227 New Designator=R164
Change Component Physical Designator: Old Designator=R228 New Designator=R165
Change Component Physical Designator: Old Designator=R229 New Designator=R166
Change Component Physical Designator: Old Designator=R230 New Designator=R167
Change Component Physical Designator: Old Designator=R231 New Designator=R168
Change Component Physical Designator: Old Designator=R232 New Designator=R169
Change Component Physical Designator: Old Designator=R233 New Designator=R170
Change Component Physical Designator: Old Designator=R234 New Designator=R171
Change Component Physical Designator: Old Designator=R235 New Designator=R172
Change Component Physical Designator: Old Designator=R236 New Designator=R173
Change Component Physical Designator: Old Designator=R237 New Designator=R174
Change Component Physical Designator: Old Designator=R238 New Designator=R175
Change Component Physical Designator: Old Designator=R239 New Designator=R176
Change Component Physical Designator: Old Designator=R240 New Designator=R177
Change Component Physical Designator: Old Designator=R241 New Designator=R178
Change Component Physical Designator: Old Designator=R242 New Designator=R179
Change Component Physical Designator: Old Designator=R243 New Designator=R180
Change Component Physical Designator: Old Designator=R244 New Designator=R181
Change Component Physical Designator: Old Designator=R245 New Designator=R182
Change Component Physical Designator: Old Designator=R246 New Designator=R183
Change Component Physical Designator: Old Designator=R247 New Designator=R184
Change Component Physical Designator: Old Designator=R248 New Designator=R185
Change Component Physical Designator: Old Designator=R249 New Designator=R186
Change Component Physical Designator: Old Designator=R250 New Designator=R187
Change Component Physical Designator: Old Designator=R251 New Designator=R188
Change Component Physical Designator: Old Designator=R252 New Designator=R189
Change Component Physical Designator: Old Designator=R253 New Designator=R190
Change Component Physical Designator: Old Designator=R254 New Designator=R191
Change Component Physical Designator: Old Designator=R255 New Designator=R192
Change Component Physical Designator: Old Designator=R256 New Designator=R193
Change Component Physical Designator: Old Designator=R257 New Designator=R194
Change Component Physical Designator: Old Designator=R258 New Designator=R195
Change Component Physical Designator: Old Designator=R259 New Designator=R196
Change Component Physical Designator: Old Designator=R260 New Designator=R197
Change Component Physical Designator: Old Designator=R261 New Designator=R198
Change Component Physical Designator: Old Designator=R262 New Designator=R199
Change Component Physical Designator: Old Designator=R263 New Designator=R200
Change Component Physical Designator: Old Designator=R264 New Designator=R201
Change Component Physical Designator: Old Designator=R265 New Designator=R202
Change Component Physical Designator: Old Designator=R266 New Designator=R203
Change Component Physical Designator: Old Designator=R267 New Designator=R204
Change Component Physical Designator: Old Designator=R268 New Designator=R205
Change Component Physical Designator: Old Designator=R269 New Designator=R206
Change Component Physical Designator: Old Designator=R270 New Designator=R207
Change Component Physical Designator: Old Designator=R271 New Designator=R208
Change Component Physical Designator: Old Designator=R272 New Designator=R209
Change Component Physical Designator: Old Designator=R273 New Designator=R210
Change Component Physical Designator: Old Designator=R274 New Designator=R211
Change Component Physical Designator: Old Designator=R275 New Designator=R212
Change Component Physical Designator: Old Designator=R276 New Designator=R213
Change Component Physical Designator: Old Designator=R277 New Designator=R214
Change Component Physical Designator: Old Designator=R278 New Designator=R215
Change Component Physical Designator: Old Designator=R279 New Designator=R216
Change Component Physical Designator: Old Designator=R280 New Designator=R217
Change Component Physical Designator: Old Designator=R281 New Designator=R218
Change Component Physical Designator: Old Designator=R282 New Designator=R219
Change Component Physical Designator: Old Designator=R283 New Designator=R220
Change Component Physical Designator: Old Designator=R284 New Designator=R221
Change Component Physical Designator: Old Designator=R285 New Designator=R222
