Change Component Physical Designator: Old Designator=B1_U_Interface_Load_Switching1 New Designator=B1
Change Component Physical Designator: Old Designator=B1_U_Interface_Load_Switching2 New Designator=B5
Change Component Physical Designator: Old Designator=B2_U_Interface_Load_Switching1 New Designator=B2
Change Component Physical Designator: Old Designator=B2_U_Interface_Load_Switching2 New Designator=B6
Change Component Physical Designator: Old Designator=B3_U_Interface_Load_Switching1 New Designator=B3
Change Component Physical Designator: Old Designator=B3_U_Interface_Load_Switching2 New Designator=B7
Change Component Physical Designator: Old Designator=B4_U_Interface_Load_Switching1 New Designator=B4
Change Component Physical Designator: Old Designator=B4_U_Interface_Load_Switching2 New Designator=B8
Change Component Physical Designator: Old Designator=C1 New Designator=C54
Change Component Physical Designator: Old Designator=C2 New Designator=C55
Change Component Physical Designator: Old Designator=C3 New Designator=C60
Change Component Physical Designator: Old Designator=C4 New Designator=C61
Change Component Physical Designator: Old Designator=C5 New Designator=C62
Change Component Physical Designator: Old Designator=C6 New Designator=C63
Change Component Physical Designator: Old Designator=C7 New Designator=C56
Change Component Physical Designator: Old Designator=C8 New Designator=C57
Change Component Physical Designator: Old Designator=C9 New Designator=C58
Change Component Physical Designator: Old Designator=C10 New Designator=C59
Change Component Physical Designator: Old Designator=C11 New Designator=C7
Change Component Physical Designator: Old Designator=C12 New Designator=C8
Change Component Physical Designator: Old Designator=C13 New Designator=C9
Change Component Physical Designator: Old Designator=C14 New Designator=C10
Change Component Physical Designator: Old Designator=C15 New Designator=C11
Change Component Physical Designator: Old Designator=C16 New Designator=C12
Change Component Physical Designator: Old Designator=C17 New Designator=C13
Change Component Physical Designator: Old Designator=C18 New Designator=C14
Change Component Physical Designator: Old Designator=C19 New Designator=C15
Change Component Physical Designator: Old Designator=C20_U_Low_Current_Sense1 New Designator=C48
Change Component Physical Designator: Old Designator=C20_U_Low_Current_Sense2 New Designator=C51
Change Component Physical Designator: Old Designator=C21_U_Low_Current_Sense1 New Designator=C49
Change Component Physical Designator: Old Designator=C21_U_Low_Current_Sense2 New Designator=C52
Change Component Physical Designator: Old Designator=C22_U_Low_Current_Sense1 New Designator=C50
Change Component Physical Designator: Old Designator=C22_U_Low_Current_Sense2 New Designator=C53
Change Component Physical Designator: Old Designator=C23_U_Interface_Load_Switching1 New Designator=C16
Change Component Physical Designator: Old Designator=C23_U_Interface_Load_Switching2 New Designator=C32
Change Component Physical Designator: Old Designator=C24_U_Interface_Load_Switching1 New Designator=C17
Change Component Physical Designator: Old Designator=C24_U_Interface_Load_Switching2 New Designator=C33
Change Component Physical Designator: Old Designator=C25_U_Interface_Load_Switching1 New Designator=C18
Change Component Physical Designator: Old Designator=C25_U_Interface_Load_Switching2 New Designator=C34
Change Component Physical Designator: Old Designator=C26_U_Interface_Load_Switching1 New Designator=C19
Change Component Physical Designator: Old Designator=C26_U_Interface_Load_Switching2 New Designator=C35
Change Component Physical Designator: Old Designator=C27_U_Interface_Load_Switching1 New Designator=C20
Change Component Physical Designator: Old Designator=C27_U_Interface_Load_Switching2 New Designator=C36
Change Component Physical Designator: Old Designator=C28_U_Interface_Load_Switching1 New Designator=C21
Change Component Physical Designator: Old Designator=C28_U_Interface_Load_Switching2 New Designator=C37
Change Component Physical Designator: Old Designator=C29_U_Interface_Load_Switching1 New Designator=C22
Change Component Physical Designator: Old Designator=C29_U_Interface_Load_Switching2 New Designator=C38
Change Component Physical Designator: Old Designator=C30_U_Interface_Load_Switching1 New Designator=C23
Change Component Physical Designator: Old Designator=C30_U_Interface_Load_Switching2 New Designator=C39
Change Component Physical Designator: Old Designator=C31_U_Interface_Load_Switching1 New Designator=C24
Change Component Physical Designator: Old Designator=C31_U_Interface_Load_Switching2 New Designator=C40
Change Component Physical Designator: Old Designator=C32_U_Interface_Load_Switching1 New Designator=C25
Change Component Physical Designator: Old Designator=C32_U_Interface_Load_Switching2 New Designator=C41
Change Component Physical Designator: Old Designator=C33_U_Interface_Load_Switching1 New Designator=C26
Change Component Physical Designator: Old Designator=C33_U_Interface_Load_Switching2 New Designator=C42
Change Component Physical Designator: Old Designator=C34_U_Interface_Load_Switching1 New Designator=C27
Change Component Physical Designator: Old Designator=C34_U_Interface_Load_Switching2 New Designator=C43
Change Component Physical Designator: Old Designator=C35_U_Interface_Load_Switching1 New Designator=C28
Change Component Physical Designator: Old Designator=C35_U_Interface_Load_Switching2 New Designator=C44
Change Component Physical Designator: Old Designator=C36_U_Interface_Load_Switching1 New Designator=C29
Change Component Physical Designator: Old Designator=C36_U_Interface_Load_Switching2 New Designator=C45
Change Component Physical Designator: Old Designator=C37_U_Interface_Load_Switching1 New Designator=C30
Change Component Physical Designator: Old Designator=C37_U_Interface_Load_Switching2 New Designator=C46
Change Component Physical Designator: Old Designator=C38_U_Interface_Load_Switching1 New Designator=C31
Change Component Physical Designator: Old Designator=C38_U_Interface_Load_Switching2 New Designator=C47
Change Component Physical Designator: Old Designator=C39 New Designator=C1
Change Component Physical Designator: Old Designator=C40 New Designator=C2
Change Component Physical Designator: Old Designator=C41 New Designator=C3
Change Component Physical Designator: Old Designator=C42 New Designator=C4
Change Component Physical Designator: Old Designator=C43 New Designator=C5
Change Component Physical Designator: Old Designator=C44 New Designator=C6
Change Component Physical Designator: Old Designator=D8 New Designator=D46
Change Component Physical Designator: Old Designator=D9 New Designator=D47
Change Component Physical Designator: Old Designator=D10 New Designator=D48
Change Component Physical Designator: Old Designator=D11 New Designator=D8
Change Component Physical Designator: Old Designator=D12 New Designator=D9
Change Component Physical Designator: Old Designator=D13_U_Interface_Load_Switching1 New Designator=D10
Change Component Physical Designator: Old Designator=D13_U_Interface_Load_Switching2 New Designator=D28
Change Component Physical Designator: Old Designator=D14_U_Interface_Load_Switching1 New Designator=D11
Change Component Physical Designator: Old Designator=D14_U_Interface_Load_Switching2 New Designator=D29
Change Component Physical Designator: Old Designator=D15_U_Interface_Load_Switching1 New Designator=D12
Change Component Physical Designator: Old Designator=D15_U_Interface_Load_Switching2 New Designator=D30
Change Component Physical Designator: Old Designator=D16_U_Interface_Load_Switching1 New Designator=D13
Change Component Physical Designator: Old Designator=D16_U_Interface_Load_Switching2 New Designator=D31
Change Component Physical Designator: Old Designator=D17_U_Interface_Load_Switching1 New Designator=D14
Change Component Physical Designator: Old Designator=D17_U_Interface_Load_Switching2 New Designator=D32
Change Component Physical Designator: Old Designator=D18_U_Interface_Load_Switching1 New Designator=D15
Change Component Physical Designator: Old Designator=D18_U_Interface_Load_Switching2 New Designator=D33
Change Component Physical Designator: Old Designator=D19_U_Interface_Load_Switching1 New Designator=D16
Change Component Physical Designator: Old Designator=D19_U_Interface_Load_Switching2 New Designator=D34
Change Component Physical Designator: Old Designator=D20_U_Interface_Load_Switching1 New Designator=D17
Change Component Physical Designator: Old Designator=D20_U_Interface_Load_Switching2 New Designator=D35
Change Component Physical Designator: Old Designator=D21_U_Interface_Load_Switching1 New Designator=D18
Change Component Physical Designator: Old Designator=D21_U_Interface_Load_Switching2 New Designator=D36
Change Component Physical Designator: Old Designator=D22_U_Interface_Load_Switching1 New Designator=D19
Change Component Physical Designator: Old Designator=D22_U_Interface_Load_Switching2 New Designator=D37
Change Component Physical Designator: Old Designator=D23_U_Interface_Load_Switching1 New Designator=D20
Change Component Physical Designator: Old Designator=D23_U_Interface_Load_Switching2 New Designator=D38
Change Component Physical Designator: Old Designator=D24_U_Interface_Load_Switching1 New Designator=D21
Change Component Physical Designator: Old Designator=D24_U_Interface_Load_Switching2 New Designator=D39
Change Component Physical Designator: Old Designator=D25_U_Interface_Load_Switching1 New Designator=D22
Change Component Physical Designator: Old Designator=D25_U_Interface_Load_Switching2 New Designator=D40
Change Component Physical Designator: Old Designator=D26_U_Interface_Load_Switching1 New Designator=D23
Change Component Physical Designator: Old Designator=D26_U_Interface_Load_Switching2 New Designator=D41
Change Component Physical Designator: Old Designator=D27_U_Interface_Load_Switching1 New Designator=D24
Change Component Physical Designator: Old Designator=D27_U_Interface_Load_Switching2 New Designator=D42
Change Component Physical Designator: Old Designator=D28_U_Interface_Load_Switching1 New Designator=D25
Change Component Physical Designator: Old Designator=D28_U_Interface_Load_Switching2 New Designator=D43
Change Component Physical Designator: Old Designator=D29_U_Interface_Load_Switching1 New Designator=D26
Change Component Physical Designator: Old Designator=D29_U_Interface_Load_Switching2 New Designator=D44
Change Component Physical Designator: Old Designator=D30_U_Interface_Load_Switching1 New Designator=D27
Change Component Physical Designator: Old Designator=D30_U_Interface_Load_Switching2 New Designator=D45
Change Component Physical Designator: Old Designator=D31_U_RGB_LED1 New Designator=D49
Change Component Physical Designator: Old Designator=D31_U_RGB_LED2 New Designator=D50
Change Component Physical Designator: Old Designator=D31_U_RGB_LED3 New Designator=D51
Change Component Physical Designator: Old Designator=D31_U_RGB_LED4 New Designator=D52
Change Component Physical Designator: Old Designator=D31_U_RGB_LED5 New Designator=D53
Change Component Physical Designator: Old Designator=D31_U_RGB_LED6 New Designator=D54
Change Component Physical Designator: Old Designator=D31_U_RGB_LED7 New Designator=D55
Change Component Physical Designator: Old Designator=D31_U_RGB_LED8 New Designator=D56
Change Component Physical Designator: Old Designator=Q3_U_RGB_LED1 New Designator=Q3
Change Component Physical Designator: Old Designator=Q3_U_RGB_LED2 New Designator=Q6
Change Component Physical Designator: Old Designator=Q3_U_RGB_LED3 New Designator=Q9
Change Component Physical Designator: Old Designator=Q3_U_RGB_LED4 New Designator=Q12
Change Component Physical Designator: Old Designator=Q3_U_RGB_LED5 New Designator=Q15
Change Component Physical Designator: Old Designator=Q3_U_RGB_LED6 New Designator=Q18
Change Component Physical Designator: Old Designator=Q3_U_RGB_LED7 New Designator=Q21
Change Component Physical Designator: Old Designator=Q3_U_RGB_LED8 New Designator=Q24
Change Component Physical Designator: Old Designator=Q4_U_RGB_LED1 New Designator=Q4
Change Component Physical Designator: Old Designator=Q4_U_RGB_LED2 New Designator=Q7
Change Component Physical Designator: Old Designator=Q4_U_RGB_LED3 New Designator=Q10
Change Component Physical Designator: Old Designator=Q4_U_RGB_LED4 New Designator=Q13
Change Component Physical Designator: Old Designator=Q4_U_RGB_LED5 New Designator=Q16
Change Component Physical Designator: Old Designator=Q4_U_RGB_LED6 New Designator=Q19
Change Component Physical Designator: Old Designator=Q4_U_RGB_LED7 New Designator=Q22
Change Component Physical Designator: Old Designator=Q4_U_RGB_LED8 New Designator=Q25
Change Component Physical Designator: Old Designator=Q5_U_RGB_LED1 New Designator=Q5
Change Component Physical Designator: Old Designator=Q5_U_RGB_LED2 New Designator=Q8
Change Component Physical Designator: Old Designator=Q5_U_RGB_LED3 New Designator=Q11
Change Component Physical Designator: Old Designator=Q5_U_RGB_LED4 New Designator=Q14
Change Component Physical Designator: Old Designator=Q5_U_RGB_LED5 New Designator=Q17
Change Component Physical Designator: Old Designator=Q5_U_RGB_LED6 New Designator=Q20
Change Component Physical Designator: Old Designator=Q5_U_RGB_LED7 New Designator=Q23
Change Component Physical Designator: Old Designator=Q5_U_RGB_LED8 New Designator=Q26
Change Component Physical Designator: Old Designator=R14 New Designator=R160
Change Component Physical Designator: Old Designator=R15 New Designator=R161
Change Component Physical Designator: Old Designator=R16 New Designator=R162
Change Component Physical Designator: Old Designator=R17 New Designator=R163
Change Component Physical Designator: Old Designator=R18 New Designator=R164
Change Component Physical Designator: Old Designator=R19 New Designator=R165
Change Component Physical Designator: Old Designator=R20 New Designator=R166
Change Component Physical Designator: Old Designator=R21 New Designator=R167
Change Component Physical Designator: Old Designator=R22 New Designator=R168
Change Component Physical Designator: Old Designator=R23 New Designator=R169
Change Component Physical Designator: Old Designator=R24 New Designator=R270
Change Component Physical Designator: Old Designator=R25 New Designator=R271
Change Component Physical Designator: Old Designator=R26 New Designator=R170
Change Component Physical Designator: Old Designator=R27 New Designator=R171
Change Component Physical Designator: Old Designator=R28 New Designator=R172
Change Component Physical Designator: Old Designator=R29 New Designator=R173
Change Component Physical Designator: Old Designator=R30 New Designator=R174
Change Component Physical Designator: Old Designator=R31 New Designator=R175
Change Component Physical Designator: Old Designator=R32 New Designator=R176
Change Component Physical Designator: Old Designator=R33 New Designator=R177
Change Component Physical Designator: Old Designator=R34 New Designator=R178
Change Component Physical Designator: Old Designator=R35 New Designator=R179
Change Component Physical Designator: Old Designator=R36 New Designator=R180
Change Component Physical Designator: Old Designator=R37 New Designator=R181
Change Component Physical Designator: Old Designator=R38 New Designator=R182
Change Component Physical Designator: Old Designator=R39 New Designator=R183
Change Component Physical Designator: Old Designator=R40 New Designator=R184
Change Component Physical Designator: Old Designator=R41 New Designator=R185
Change Component Physical Designator: Old Designator=R42 New Designator=R186
Change Component Physical Designator: Old Designator=R43 New Designator=R187
Change Component Physical Designator: Old Designator=R44 New Designator=R188
Change Component Physical Designator: Old Designator=R45 New Designator=R189
Change Component Physical Designator: Old Designator=R46 New Designator=R190
Change Component Physical Designator: Old Designator=R47 New Designator=R191
Change Component Physical Designator: Old Designator=R48 New Designator=R192
Change Component Physical Designator: Old Designator=R49 New Designator=R193
Change Component Physical Designator: Old Designator=R50 New Designator=R194
Change Component Physical Designator: Old Designator=R51 New Designator=R195
Change Component Physical Designator: Old Designator=R52 New Designator=R196
Change Component Physical Designator: Old Designator=R53 New Designator=R197
Change Component Physical Designator: Old Designator=R54 New Designator=R45
Change Component Physical Designator: Old Designator=R55 New Designator=R46
Change Component Physical Designator: Old Designator=R56 New Designator=R47
Change Component Physical Designator: Old Designator=R57 New Designator=R14
Change Component Physical Designator: Old Designator=R58 New Designator=R15
Change Component Physical Designator: Old Designator=R59 New Designator=R16
Change Component Physical Designator: Old Designator=R60 New Designator=R17
Change Component Physical Designator: Old Designator=R61 New Designator=R18
Change Component Physical Designator: Old Designator=R62 New Designator=R19
Change Component Physical Designator: Old Designator=R63_U_Card_Interface1 New Designator=R20
Change Component Physical Designator: Old Designator=R63_U_Card_Interface2 New Designator=R25
Change Component Physical Designator: Old Designator=R63_U_Card_Interface3 New Designator=R30
Change Component Physical Designator: Old Designator=R63_U_Card_Interface4 New Designator=R35
Change Component Physical Designator: Old Designator=R64_U_Card_Interface1 New Designator=R21
Change Component Physical Designator: Old Designator=R64_U_Card_Interface2 New Designator=R26
Change Component Physical Designator: Old Designator=R64_U_Card_Interface3 New Designator=R31
Change Component Physical Designator: Old Designator=R64_U_Card_Interface4 New Designator=R36
Change Component Physical Designator: Old Designator=R65_U_Card_Interface1 New Designator=R22
Change Component Physical Designator: Old Designator=R65_U_Card_Interface2 New Designator=R27
Change Component Physical Designator: Old Designator=R65_U_Card_Interface3 New Designator=R32
Change Component Physical Designator: Old Designator=R65_U_Card_Interface4 New Designator=R37
Change Component Physical Designator: Old Designator=R66_U_Card_Interface1 New Designator=R23
Change Component Physical Designator: Old Designator=R66_U_Card_Interface2 New Designator=R28
Change Component Physical Designator: Old Designator=R66_U_Card_Interface3 New Designator=R33
Change Component Physical Designator: Old Designator=R66_U_Card_Interface4 New Designator=R38
Change Component Physical Designator: Old Designator=R67_U_Card_Interface1 New Designator=R24
Change Component Physical Designator: Old Designator=R67_U_Card_Interface2 New Designator=R29
Change Component Physical Designator: Old Designator=R67_U_Card_Interface3 New Designator=R34
Change Component Physical Designator: Old Designator=R67_U_Card_Interface4 New Designator=R39
Change Component Physical Designator: Old Designator=R68 New Designator=R40
Change Component Physical Designator: Old Designator=R69 New Designator=R41
Change Component Physical Designator: Old Designator=R70 New Designator=R42
Change Component Physical Designator: Old Designator=R71 New Designator=R43
Change Component Physical Designator: Old Designator=R72 New Designator=R44
Change Component Physical Designator: Old Designator=R73 New Designator=R48
Change Component Physical Designator: Old Designator=R74 New Designator=R49
Change Component Physical Designator: Old Designator=R75 New Designator=R50
Change Component Physical Designator: Old Designator=R76 New Designator=R51
Change Component Physical Designator: Old Designator=R77 New Designator=R52
Change Component Physical Designator: Old Designator=R78 New Designator=R53
Change Component Physical Designator: Old Designator=R79 New Designator=R54
Change Component Physical Designator: Old Designator=R80 New Designator=R55
Change Component Physical Designator: Old Designator=R81 New Designator=R56
Change Component Physical Designator: Old Designator=R82 New Designator=R57
Change Component Physical Designator: Old Designator=R83 New Designator=R58
Change Component Physical Designator: Old Designator=R84 New Designator=R59
Change Component Physical Designator: Old Designator=R85_U_Low_Current_Sense1 New Designator=R136
Change Component Physical Designator: Old Designator=R85_U_Low_Current_Sense2 New Designator=R148
Change Component Physical Designator: Old Designator=R86_U_Low_Current_Sense1 New Designator=R137
Change Component Physical Designator: Old Designator=R86_U_Low_Current_Sense2 New Designator=R149
Change Component Physical Designator: Old Designator=R87_U_Low_Current_Sense1 New Designator=R138
Change Component Physical Designator: Old Designator=R87_U_Low_Current_Sense2 New Designator=R150
Change Component Physical Designator: Old Designator=R88_U_Low_Current_Sense1 New Designator=R139
Change Component Physical Designator: Old Designator=R88_U_Low_Current_Sense2 New Designator=R151
Change Component Physical Designator: Old Designator=R89_U_Low_Current_Sense1 New Designator=R140
Change Component Physical Designator: Old Designator=R89_U_Low_Current_Sense2 New Designator=R152
Change Component Physical Designator: Old Designator=R90_U_Low_Current_Sense1 New Designator=R141
Change Component Physical Designator: Old Designator=R90_U_Low_Current_Sense2 New Designator=R153
Change Component Physical Designator: Old Designator=R91_U_Low_Current_Sense1 New Designator=R142
Change Component Physical Designator: Old Designator=R91_U_Low_Current_Sense2 New Designator=R154
Change Component Physical Designator: Old Designator=R92_U_Low_Current_Sense1 New Designator=R143
Change Component Physical Designator: Old Designator=R92_U_Low_Current_Sense2 New Designator=R155
Change Component Physical Designator: Old Designator=R93_U_Low_Current_Sense1 New Designator=R144
Change Component Physical Designator: Old Designator=R93_U_Low_Current_Sense2 New Designator=R156
Change Component Physical Designator: Old Designator=R94_U_Low_Current_Sense1 New Designator=R145
Change Component Physical Designator: Old Designator=R94_U_Low_Current_Sense2 New Designator=R157
Change Component Physical Designator: Old Designator=R95_U_Low_Current_Sense1 New Designator=R146
Change Component Physical Designator: Old Designator=R95_U_Low_Current_Sense2 New Designator=R158
Change Component Physical Designator: Old Designator=R96_U_Low_Current_Sense1 New Designator=R147
Change Component Physical Designator: Old Designator=R96_U_Low_Current_Sense2 New Designator=R159
Change Component Physical Designator: Old Designator=R97_U_Interface_Load_Switching1 New Designator=R60
Change Component Physical Designator: Old Designator=R97_U_Interface_Load_Switching2 New Designator=R98
Change Component Physical Designator: Old Designator=R98_U_Interface_Load_Switching1 New Designator=R61
Change Component Physical Designator: Old Designator=R98_U_Interface_Load_Switching2 New Designator=R99
Change Component Physical Designator: Old Designator=R99_U_Interface_Load_Switching1 New Designator=R62
Change Component Physical Designator: Old Designator=R99_U_Interface_Load_Switching2 New Designator=R100
Change Component Physical Designator: Old Designator=R100_U_Interface_Load_Switching1 New Designator=R63
Change Component Physical Designator: Old Designator=R100_U_Interface_Load_Switching2 New Designator=R101
Change Component Physical Designator: Old Designator=R101_U_Interface_Load_Switching1 New Designator=R64
Change Component Physical Designator: Old Designator=R101_U_Interface_Load_Switching2 New Designator=R102
Change Component Physical Designator: Old Designator=R102_U_Interface_Load_Switching1 New Designator=R65
Change Component Physical Designator: Old Designator=R102_U_Interface_Load_Switching2 New Designator=R103
Change Component Physical Designator: Old Designator=R103_U_Interface_Load_Switching1 New Designator=R66
Change Component Physical Designator: Old Designator=R103_U_Interface_Load_Switching2 New Designator=R104
Change Component Physical Designator: Old Designator=R104_U_Interface_Load_Switching1 New Designator=R67
Change Component Physical Designator: Old Designator=R104_U_Interface_Load_Switching2 New Designator=R105
Change Component Physical Designator: Old Designator=R105_U_Interface_Load_Switching1 New Designator=R68
Change Component Physical Designator: Old Designator=R105_U_Interface_Load_Switching2 New Designator=R106
Change Component Physical Designator: Old Designator=R106_U_Interface_Load_Switching1 New Designator=R69
Change Component Physical Designator: Old Designator=R106_U_Interface_Load_Switching2 New Designator=R107
Change Component Physical Designator: Old Designator=R107_U_Interface_Load_Switching1 New Designator=R70
Change Component Physical Designator: Old Designator=R107_U_Interface_Load_Switching2 New Designator=R108
Change Component Physical Designator: Old Designator=R108_U_Interface_Load_Switching1 New Designator=R71
Change Component Physical Designator: Old Designator=R108_U_Interface_Load_Switching2 New Designator=R109
Change Component Physical Designator: Old Designator=R109_U_Interface_Load_Switching1 New Designator=R72
Change Component Physical Designator: Old Designator=R109_U_Interface_Load_Switching2 New Designator=R110
Change Component Physical Designator: Old Designator=R110_U_Interface_Load_Switching1 New Designator=R73
Change Component Physical Designator: Old Designator=R110_U_Interface_Load_Switching2 New Designator=R111
Change Component Physical Designator: Old Designator=R111_U_Interface_Load_Switching1 New Designator=R74
Change Component Physical Designator: Old Designator=R111_U_Interface_Load_Switching2 New Designator=R112
Change Component Physical Designator: Old Designator=R112_U_Interface_Load_Switching1 New Designator=R75
Change Component Physical Designator: Old Designator=R112_U_Interface_Load_Switching2 New Designator=R113
Change Component Physical Designator: Old Designator=R113_U_Interface_Load_Switching1 New Designator=R76
Change Component Physical Designator: Old Designator=R113_U_Interface_Load_Switching2 New Designator=R114
Change Component Physical Designator: Old Designator=R114_U_Interface_Load_Switching1 New Designator=R77
Change Component Physical Designator: Old Designator=R114_U_Interface_Load_Switching2 New Designator=R115
Change Component Physical Designator: Old Designator=R115_U_Interface_Load_Switching1 New Designator=R78
Change Component Physical Designator: Old Designator=R115_U_Interface_Load_Switching2 New Designator=R116
Change Component Physical Designator: Old Designator=R116_U_Interface_Load_Switching1 New Designator=R79
Change Component Physical Designator: Old Designator=R116_U_Interface_Load_Switching2 New Designator=R117
Change Component Physical Designator: Old Designator=R117_U_Interface_Load_Switching1 New Designator=R80
Change Component Physical Designator: Old Designator=R117_U_Interface_Load_Switching2 New Designator=R118
Change Component Physical Designator: Old Designator=R118_U_Interface_Load_Switching1 New Designator=R81
Change Component Physical Designator: Old Designator=R118_U_Interface_Load_Switching2 New Designator=R119
Change Component Physical Designator: Old Designator=R119_U_Interface_Load_Switching1 New Designator=R82
Change Component Physical Designator: Old Designator=R119_U_Interface_Load_Switching2 New Designator=R120
Change Component Physical Designator: Old Designator=R120_U_Interface_Load_Switching1 New Designator=R83
Change Component Physical Designator: Old Designator=R120_U_Interface_Load_Switching2 New Designator=R121
Change Component Physical Designator: Old Designator=R121_U_Interface_Load_Switching1 New Designator=R84
Change Component Physical Designator: Old Designator=R121_U_Interface_Load_Switching2 New Designator=R122
Change Component Physical Designator: Old Designator=R122_U_Interface_Load_Switching1 New Designator=R85
Change Component Physical Designator: Old Designator=R122_U_Interface_Load_Switching2 New Designator=R123
Change Component Physical Designator: Old Designator=R123_U_Interface_Load_Switching1 New Designator=R86
Change Component Physical Designator: Old Designator=R123_U_Interface_Load_Switching2 New Designator=R124
Change Component Physical Designator: Old Designator=R124_U_Interface_Load_Switching1 New Designator=R87
Change Component Physical Designator: Old Designator=R124_U_Interface_Load_Switching2 New Designator=R125
Change Component Physical Designator: Old Designator=R125_U_Interface_Load_Switching1 New Designator=R88
Change Component Physical Designator: Old Designator=R125_U_Interface_Load_Switching2 New Designator=R126
Change Component Physical Designator: Old Designator=R126_U_Interface_Load_Switching1 New Designator=R89
Change Component Physical Designator: Old Designator=R126_U_Interface_Load_Switching2 New Designator=R127
Change Component Physical Designator: Old Designator=R127_U_Interface_Load_Switching1 New Designator=R90
Change Component Physical Designator: Old Designator=R127_U_Interface_Load_Switching2 New Designator=R128
Change Component Physical Designator: Old Designator=R128_U_Interface_Load_Switching1 New Designator=R91
Change Component Physical Designator: Old Designator=R128_U_Interface_Load_Switching2 New Designator=R129
Change Component Physical Designator: Old Designator=R129_U_Interface_Load_Switching1 New Designator=R92
Change Component Physical Designator: Old Designator=R129_U_Interface_Load_Switching2 New Designator=R130
Change Component Physical Designator: Old Designator=R130_U_Interface_Load_Switching1 New Designator=R93
Change Component Physical Designator: Old Designator=R130_U_Interface_Load_Switching2 New Designator=R131
Change Component Physical Designator: Old Designator=R131_U_Interface_Load_Switching1 New Designator=R94
Change Component Physical Designator: Old Designator=R131_U_Interface_Load_Switching2 New Designator=R132
Change Component Physical Designator: Old Designator=R132_U_Interface_Load_Switching1 New Designator=R95
Change Component Physical Designator: Old Designator=R132_U_Interface_Load_Switching2 New Designator=R133
Change Component Physical Designator: Old Designator=R133_U_Interface_Load_Switching1 New Designator=R96
Change Component Physical Designator: Old Designator=R133_U_Interface_Load_Switching2 New Designator=R134
Change Component Physical Designator: Old Designator=R134_U_Interface_Load_Switching1 New Designator=R97
Change Component Physical Designator: Old Designator=R134_U_Interface_Load_Switching2 New Designator=R135
Change Component Physical Designator: Old Designator=R135_U_RGB_LED1 New Designator=R198
Change Component Physical Designator: Old Designator=R135_U_RGB_LED2 New Designator=R207
Change Component Physical Designator: Old Designator=R135_U_RGB_LED3 New Designator=R216
Change Component Physical Designator: Old Designator=R135_U_RGB_LED4 New Designator=R225
Change Component Physical Designator: Old Designator=R135_U_RGB_LED5 New Designator=R234
Change Component Physical Designator: Old Designator=R135_U_RGB_LED6 New Designator=R243
Change Component Physical Designator: Old Designator=R135_U_RGB_LED7 New Designator=R252
Change Component Physical Designator: Old Designator=R135_U_RGB_LED8 New Designator=R261
Change Component Physical Designator: Old Designator=R136_U_RGB_LED1 New Designator=R199
Change Component Physical Designator: Old Designator=R136_U_RGB_LED2 New Designator=R208
Change Component Physical Designator: Old Designator=R136_U_RGB_LED3 New Designator=R217
Change Component Physical Designator: Old Designator=R136_U_RGB_LED4 New Designator=R226
Change Component Physical Designator: Old Designator=R136_U_RGB_LED5 New Designator=R235
Change Component Physical Designator: Old Designator=R136_U_RGB_LED6 New Designator=R244
Change Component Physical Designator: Old Designator=R136_U_RGB_LED7 New Designator=R253
Change Component Physical Designator: Old Designator=R136_U_RGB_LED8 New Designator=R262
Change Component Physical Designator: Old Designator=R137_U_RGB_LED1 New Designator=R200
Change Component Physical Designator: Old Designator=R137_U_RGB_LED2 New Designator=R209
Change Component Physical Designator: Old Designator=R137_U_RGB_LED3 New Designator=R218
Change Component Physical Designator: Old Designator=R137_U_RGB_LED4 New Designator=R227
Change Component Physical Designator: Old Designator=R137_U_RGB_LED5 New Designator=R236
Change Component Physical Designator: Old Designator=R137_U_RGB_LED6 New Designator=R245
Change Component Physical Designator: Old Designator=R137_U_RGB_LED7 New Designator=R254
Change Component Physical Designator: Old Designator=R137_U_RGB_LED8 New Designator=R263
Change Component Physical Designator: Old Designator=R138_U_RGB_LED1 New Designator=R201
Change Component Physical Designator: Old Designator=R138_U_RGB_LED2 New Designator=R210
Change Component Physical Designator: Old Designator=R138_U_RGB_LED3 New Designator=R219
Change Component Physical Designator: Old Designator=R138_U_RGB_LED4 New Designator=R228
Change Component Physical Designator: Old Designator=R138_U_RGB_LED5 New Designator=R237
Change Component Physical Designator: Old Designator=R138_U_RGB_LED6 New Designator=R246
Change Component Physical Designator: Old Designator=R138_U_RGB_LED7 New Designator=R255
Change Component Physical Designator: Old Designator=R138_U_RGB_LED8 New Designator=R264
Change Component Physical Designator: Old Designator=R139_U_RGB_LED1 New Designator=R202
Change Component Physical Designator: Old Designator=R139_U_RGB_LED2 New Designator=R211
Change Component Physical Designator: Old Designator=R139_U_RGB_LED3 New Designator=R220
Change Component Physical Designator: Old Designator=R139_U_RGB_LED4 New Designator=R229
Change Component Physical Designator: Old Designator=R139_U_RGB_LED5 New Designator=R238
Change Component Physical Designator: Old Designator=R139_U_RGB_LED6 New Designator=R247
Change Component Physical Designator: Old Designator=R139_U_RGB_LED7 New Designator=R256
Change Component Physical Designator: Old Designator=R139_U_RGB_LED8 New Designator=R265
Change Component Physical Designator: Old Designator=R140_U_RGB_LED1 New Designator=R203
Change Component Physical Designator: Old Designator=R140_U_RGB_LED2 New Designator=R212
Change Component Physical Designator: Old Designator=R140_U_RGB_LED3 New Designator=R221
Change Component Physical Designator: Old Designator=R140_U_RGB_LED4 New Designator=R230
Change Component Physical Designator: Old Designator=R140_U_RGB_LED5 New Designator=R239
Change Component Physical Designator: Old Designator=R140_U_RGB_LED6 New Designator=R248
Change Component Physical Designator: Old Designator=R140_U_RGB_LED7 New Designator=R257
Change Component Physical Designator: Old Designator=R140_U_RGB_LED8 New Designator=R266
Change Component Physical Designator: Old Designator=R141_U_RGB_LED1 New Designator=R204
Change Component Physical Designator: Old Designator=R141_U_RGB_LED2 New Designator=R213
Change Component Physical Designator: Old Designator=R141_U_RGB_LED3 New Designator=R222
Change Component Physical Designator: Old Designator=R141_U_RGB_LED4 New Designator=R231
Change Component Physical Designator: Old Designator=R141_U_RGB_LED5 New Designator=R240
Change Component Physical Designator: Old Designator=R141_U_RGB_LED6 New Designator=R249
Change Component Physical Designator: Old Designator=R141_U_RGB_LED7 New Designator=R258
Change Component Physical Designator: Old Designator=R141_U_RGB_LED8 New Designator=R267
Change Component Physical Designator: Old Designator=R142_U_RGB_LED1 New Designator=R205
Change Component Physical Designator: Old Designator=R142_U_RGB_LED2 New Designator=R214
Change Component Physical Designator: Old Designator=R142_U_RGB_LED3 New Designator=R223
Change Component Physical Designator: Old Designator=R142_U_RGB_LED4 New Designator=R232
Change Component Physical Designator: Old Designator=R142_U_RGB_LED5 New Designator=R241
Change Component Physical Designator: Old Designator=R142_U_RGB_LED6 New Designator=R250
Change Component Physical Designator: Old Designator=R142_U_RGB_LED7 New Designator=R259
Change Component Physical Designator: Old Designator=R142_U_RGB_LED8 New Designator=R268
Change Component Physical Designator: Old Designator=R143_U_RGB_LED1 New Designator=R206
Change Component Physical Designator: Old Designator=R143_U_RGB_LED2 New Designator=R215
Change Component Physical Designator: Old Designator=R143_U_RGB_LED3 New Designator=R224
Change Component Physical Designator: Old Designator=R143_U_RGB_LED4 New Designator=R233
Change Component Physical Designator: Old Designator=R143_U_RGB_LED5 New Designator=R242
Change Component Physical Designator: Old Designator=R143_U_RGB_LED6 New Designator=R251
Change Component Physical Designator: Old Designator=R143_U_RGB_LED7 New Designator=R260
Change Component Physical Designator: Old Designator=R143_U_RGB_LED8 New Designator=R269
Change Component Physical Designator: Old Designator=TP5 New Designator=TP15
Change Component Physical Designator: Old Designator=TP6 New Designator=TP16
Change Component Physical Designator: Old Designator=TP7 New Designator=TP17
Change Component Physical Designator: Old Designator=TP8 New Designator=TP18
Change Component Physical Designator: Old Designator=TP9 New Designator=TP7
Change Component Physical Designator: Old Designator=TP10 New Designator=TP8
Change Component Physical Designator: Old Designator=TP11 New Designator=TP9
Change Component Physical Designator: Old Designator=TP12 New Designator=TP10
Change Component Physical Designator: Old Designator=TP13 New Designator=TP11
Change Component Physical Designator: Old Designator=TP14 New Designator=TP12
Change Component Physical Designator: Old Designator=TP15 New Designator=TP13
Change Component Physical Designator: Old Designator=TP16 New Designator=TP14
Change Component Physical Designator: Old Designator=TP17 New Designator=TP5
Change Component Physical Designator: Old Designator=TP18 New Designator=TP6
Change Component Physical Designator: Old Designator=U1 New Designator=U7
Change Component Physical Designator: Old Designator=U1 New Designator=U7
Change Component Physical Designator: Old Designator=U1 New Designator=U7
Change Component Physical Designator: Old Designator=U1 New Designator=U7
Change Component Physical Designator: Old Designator=U1 New Designator=U7
Change Component Physical Designator: Old Designator=U2 New Designator=U10
Change Component Physical Designator: Old Designator=U3 New Designator=U11
Change Component Physical Designator: Old Designator=U4 New Designator=U12
Change Component Physical Designator: Old Designator=U5 New Designator=U13
Change Component Physical Designator: Old Designator=U6 New Designator=U8
Change Component Physical Designator: Old Designator=U7 New Designator=U9
Change Component Physical Designator: Old Designator=U8 New Designator=U2
Change Component Physical Designator: Old Designator=U9 New Designator=U3
Change Component Physical Designator: Old Designator=U10 New Designator=U4
Change Component Physical Designator: Old Designator=U11_U_Low_Current_Sense1 New Designator=U5
Change Component Physical Designator: Old Designator=U11_U_Low_Current_Sense2 New Designator=U6
Change Component Physical Designator: Old Designator=U12 New Designator=U1
Change Component Physical Designator: Old Designator=X3 New Designator=X11
Change Component Physical Designator: Old Designator=X4 New Designator=X12
Change Component Physical Designator: Old Designator=X5 New Designator=X13
Change Component Physical Designator: Old Designator=X6 New Designator=X7
Change Component Physical Designator: Old Designator=X7 New Designator=X8
Change Component Physical Designator: Old Designator=X8 New Designator=X9
Change Component Physical Designator: Old Designator=X9 New Designator=X10
Change Component Physical Designator: Old Designator=X10_U_Card_Interface1 New Designator=X3
Change Component Physical Designator: Old Designator=X10_U_Card_Interface2 New Designator=X4
Change Component Physical Designator: Old Designator=X10_U_Card_Interface3 New Designator=X5
Change Component Physical Designator: Old Designator=X10_U_Card_Interface4 New Designator=X6
