Change Component Physical Designator: Old Designator=B1_U_Interface_Load_Switching2 New Designator=B5
Change Component Physical Designator: Old Designator=B2_U_Interface_Load_Switching2 New Designator=B6
Change Component Physical Designator: Old Designator=B3_U_Interface_Load_Switching2 New Designator=B7
Change Component Physical Designator: Old Designator=B4_U_Interface_Load_Switching2 New Designator=B8
Change Component Physical Designator: Old Designator=B5 New Designator=B1
Change Component Physical Designator: Old Designator=B6 New Designator=B2
Change Component Physical Designator: Old Designator=B7 New Designator=B3
Change Component Physical Designator: Old Designator=B8 New Designator=B4
Change Component Physical Designator: Old Designator=C3 New Designator=C37
Change Component Physical Designator: Old Designator=C4 New Designator=C38
Change Component Physical Designator: Old Designator=C5 New Designator=C39
Change Component Physical Designator: Old Designator=C6 New Designator=C40
Change Component Physical Designator: Old Designator=C7 New Designator=C41
Change Component Physical Designator: Old Designator=C8 New Designator=C42
Change Component Physical Designator: Old Designator=C9 New Designator=C43
Change Component Physical Designator: Old Designator=C10 New Designator=C44
Change Component Physical Designator: Old Designator=C11 New Designator=C45
Change Component Physical Designator: Old Designator=C29_U_Low_Current_Sense1 New Designator=C70
Change Component Physical Designator: Old Designator=C30_U_Low_Current_Sense1 New Designator=C71
Change Component Physical Designator: Old Designator=C31_U_Low_Current_Sense1 New Designator=C72
Change Component Physical Designator: Old Designator=C32 New Designator=C16
Change Component Physical Designator: Old Designator=C32_U_Interface_Load_Switching2 New Designator=C54
Change Component Physical Designator: Old Designator=C33 New Designator=C17
Change Component Physical Designator: Old Designator=C33_U_Interface_Load_Switching2 New Designator=C55
Change Component Physical Designator: Old Designator=C34 New Designator=C18
Change Component Physical Designator: Old Designator=C34_U_Interface_Load_Switching2 New Designator=C56
Change Component Physical Designator: Old Designator=C35 New Designator=C19
Change Component Physical Designator: Old Designator=C35_U_Interface_Load_Switching2 New Designator=C57
Change Component Physical Designator: Old Designator=C36 New Designator=C20
Change Component Physical Designator: Old Designator=C36_U_Interface_Load_Switching2 New Designator=C58
Change Component Physical Designator: Old Designator=C37 New Designator=C21
Change Component Physical Designator: Old Designator=C37_U_Interface_Load_Switching2 New Designator=C59
Change Component Physical Designator: Old Designator=C38 New Designator=C22
Change Component Physical Designator: Old Designator=C38_U_Interface_Load_Switching2 New Designator=C60
Change Component Physical Designator: Old Designator=C39 New Designator=C23
Change Component Physical Designator: Old Designator=C39_U_Interface_Load_Switching2 New Designator=C61
Change Component Physical Designator: Old Designator=C40 New Designator=C24
Change Component Physical Designator: Old Designator=C40_U_Interface_Load_Switching2 New Designator=C62
Change Component Physical Designator: Old Designator=C41 New Designator=C25
Change Component Physical Designator: Old Designator=C41_U_Interface_Load_Switching2 New Designator=C63
Change Component Physical Designator: Old Designator=C42 New Designator=C26
Change Component Physical Designator: Old Designator=C42_U_Interface_Load_Switching2 New Designator=C64
Change Component Physical Designator: Old Designator=C43 New Designator=C27
Change Component Physical Designator: Old Designator=C43_U_Interface_Load_Switching2 New Designator=C65
Change Component Physical Designator: Old Designator=C44 New Designator=C28
Change Component Physical Designator: Old Designator=C44_U_Interface_Load_Switching2 New Designator=C66
Change Component Physical Designator: Old Designator=C45 New Designator=C29
Change Component Physical Designator: Old Designator=C45_U_Interface_Load_Switching2 New Designator=C67
Change Component Physical Designator: Old Designator=C46 New Designator=C30
Change Component Physical Designator: Old Designator=C46_U_Interface_Load_Switching2 New Designator=C68
Change Component Physical Designator: Old Designator=C47 New Designator=C31
Change Component Physical Designator: Old Designator=C47_U_Interface_Load_Switching2 New Designator=C69
Change Component Physical Designator: Old Designator=C51 New Designator=C32
Change Component Physical Designator: Old Designator=C52 New Designator=C33
Change Component Physical Designator: Old Designator=C53 New Designator=C34
Change Component Physical Designator: Old Designator=C54 New Designator=C35
Change Component Physical Designator: Old Designator=C55 New Designator=C36
Change Component Physical Designator: Old Designator=C56 New Designator=C46
Change Component Physical Designator: Old Designator=C57 New Designator=C47
Change Component Physical Designator: Old Designator=C58 New Designator=C48
Change Component Physical Designator: Old Designator=C59 New Designator=C49
Change Component Physical Designator: Old Designator=C60 New Designator=C50
Change Component Physical Designator: Old Designator=C61 New Designator=C51
Change Component Physical Designator: Old Designator=C62 New Designator=C52
Change Component Physical Designator: Old Designator=C63 New Designator=C53
Change Component Physical Designator: Old Designator=D1 New Designator=D2
Change Component Physical Designator: Old Designator=D2 New Designator=D3
Change Component Physical Designator: Old Designator=D3 New Designator=D4
Change Component Physical Designator: Old Designator=D4 New Designator=D5
Change Component Physical Designator: Old Designator=D5 New Designator=D6
Change Component Physical Designator: Old Designator=D6 New Designator=D7
Change Component Physical Designator: Old Designator=D7 New Designator=D8
Change Component Physical Designator: Old Designator=D8 New Designator=D9
Change Component Physical Designator: Old Designator=D9 New Designator=D10
Change Component Physical Designator: Old Designator=D13_U_Interface_Load_Switching2 New Designator=D40
Change Component Physical Designator: Old Designator=D14_U_Interface_Load_Switching2 New Designator=D41
Change Component Physical Designator: Old Designator=D15_U_Interface_Load_Switching2 New Designator=D42
Change Component Physical Designator: Old Designator=D16_U_Interface_Load_Switching2 New Designator=D43
Change Component Physical Designator: Old Designator=D17_U_Interface_Load_Switching2 New Designator=D44
Change Component Physical Designator: Old Designator=D18_U_Interface_Load_Switching2 New Designator=D45
Change Component Physical Designator: Old Designator=D19_U_Interface_Load_Switching2 New Designator=D46
Change Component Physical Designator: Old Designator=D20_U_Interface_Load_Switching2 New Designator=D47
Change Component Physical Designator: Old Designator=D21_U_Interface_Load_Switching2 New Designator=D48
Change Component Physical Designator: Old Designator=D22_U_Interface_Load_Switching2 New Designator=D49
Change Component Physical Designator: Old Designator=D23_U_Interface_Load_Switching2 New Designator=D50
Change Component Physical Designator: Old Designator=D24_U_Interface_Load_Switching2 New Designator=D51
Change Component Physical Designator: Old Designator=D25_U_Interface_Load_Switching2 New Designator=D52
Change Component Physical Designator: Old Designator=D26_U_Interface_Load_Switching2 New Designator=D53
Change Component Physical Designator: Old Designator=D27_U_Interface_Load_Switching2 New Designator=D54
Change Component Physical Designator: Old Designator=D28 New Designator=D11
Change Component Physical Designator: Old Designator=D28_U_Interface_Load_Switching2 New Designator=D55
Change Component Physical Designator: Old Designator=D29 New Designator=D12
Change Component Physical Designator: Old Designator=D29_U_Interface_Load_Switching2 New Designator=D56
Change Component Physical Designator: Old Designator=D30 New Designator=D13
Change Component Physical Designator: Old Designator=D30_U_Interface_Load_Switching2 New Designator=D57
Change Component Physical Designator: Old Designator=D31 New Designator=D14
Change Component Physical Designator: Old Designator=D32 New Designator=D1
Change Component Physical Designator: Old Designator=D32 New Designator=D15
Change Component Physical Designator: Old Designator=D33 New Designator=D16
Change Component Physical Designator: Old Designator=D34 New Designator=D17
Change Component Physical Designator: Old Designator=D35 New Designator=D18
Change Component Physical Designator: Old Designator=D36 New Designator=D19
Change Component Physical Designator: Old Designator=D37 New Designator=D20
Change Component Physical Designator: Old Designator=D38 New Designator=D21
Change Component Physical Designator: Old Designator=D39 New Designator=D22
Change Component Physical Designator: Old Designator=D40 New Designator=D23
Change Component Physical Designator: Old Designator=D41 New Designator=D24
Change Component Physical Designator: Old Designator=D42 New Designator=D25
Change Component Physical Designator: Old Designator=D43 New Designator=D26
Change Component Physical Designator: Old Designator=D44 New Designator=D27
Change Component Physical Designator: Old Designator=D45 New Designator=D28
Change Component Physical Designator: Old Designator=D46 New Designator=D29
Change Component Physical Designator: Old Designator=D47 New Designator=D30
Change Component Physical Designator: Old Designator=D48 New Designator=D31
Change Component Physical Designator: Old Designator=D49 New Designator=D32
Change Component Physical Designator: Old Designator=D50 New Designator=D33
Change Component Physical Designator: Old Designator=D51 New Designator=D34
Change Component Physical Designator: Old Designator=D52 New Designator=D35
Change Component Physical Designator: Old Designator=D53 New Designator=D36
Change Component Physical Designator: Old Designator=D54 New Designator=D37
Change Component Physical Designator: Old Designator=D55 New Designator=D38
Change Component Physical Designator: Old Designator=D56 New Designator=D39
Change Component Physical Designator: Old Designator=R1 New Designator=R211
Change Component Physical Designator: Old Designator=R1 New Designator=R2
Change Component Physical Designator: Old Designator=R2 New Designator=R3
Change Component Physical Designator: Old Designator=R3 New Designator=R4
Change Component Physical Designator: Old Designator=R4 New Designator=R5
Change Component Physical Designator: Old Designator=R5 New Designator=R6
Change Component Physical Designator: Old Designator=R6 New Designator=R7
Change Component Physical Designator: Old Designator=R7 New Designator=R8
Change Component Physical Designator: Old Designator=R8 New Designator=R9
Change Component Physical Designator: Old Designator=R9 New Designator=R10
Change Component Physical Designator: Old Designator=R10 New Designator=R11
Change Component Physical Designator: Old Designator=R11 New Designator=R12
Change Component Physical Designator: Old Designator=R12 New Designator=R13
Change Component Physical Designator: Old Designator=R13 New Designator=R14
Change Component Physical Designator: Old Designator=R14 New Designator=R15
Change Component Physical Designator: Old Designator=R15 New Designator=R16
Change Component Physical Designator: Old Designator=R16 New Designator=R17
Change Component Physical Designator: Old Designator=R17 New Designator=R18
Change Component Physical Designator: Old Designator=R18 New Designator=R19
Change Component Physical Designator: Old Designator=R19 New Designator=R20
Change Component Physical Designator: Old Designator=R35 New Designator=R21
Change Component Physical Designator: Old Designator=R36 New Designator=R23
Change Component Physical Designator: Old Designator=R37 New Designator=R24
Change Component Physical Designator: Old Designator=R38 New Designator=R25
Change Component Physical Designator: Old Designator=R39 New Designator=R26
Change Component Physical Designator: Old Designator=R40 New Designator=R29
Change Component Physical Designator: Old Designator=R41 New Designator=R30
Change Component Physical Designator: Old Designator=R42 New Designator=R31
Change Component Physical Designator: Old Designator=R43 New Designator=R32
Change Component Physical Designator: Old Designator=R44 New Designator=R33
Change Component Physical Designator: Old Designator=R45 New Designator=R34
Change Component Physical Designator: Old Designator=R46 New Designator=R35
Change Component Physical Designator: Old Designator=R47 New Designator=R36
Change Component Physical Designator: Old Designator=R48 New Designator=R37
Change Component Physical Designator: Old Designator=R49 New Designator=R38
Change Component Physical Designator: Old Designator=R50 New Designator=R39
Change Component Physical Designator: Old Designator=R51 New Designator=R40
Change Component Physical Designator: Old Designator=R52 New Designator=R41
Change Component Physical Designator: Old Designator=R53 New Designator=R42
Change Component Physical Designator: Old Designator=R54 New Designator=R43
Change Component Physical Designator: Old Designator=R55 New Designator=R44
Change Component Physical Designator: Old Designator=R56 New Designator=R45
Change Component Physical Designator: Old Designator=R57 New Designator=R46
Change Component Physical Designator: Old Designator=R58 New Designator=R47
Change Component Physical Designator: Old Designator=R59 New Designator=R48
Change Component Physical Designator: Old Designator=R64_U_Card_Interface1 New Designator=R212
Change Component Physical Designator: Old Designator=R64_U_Card_Interface2 New Designator=R220
Change Component Physical Designator: Old Designator=R64_U_Card_Interface3 New Designator=R228
Change Component Physical Designator: Old Designator=R65_U_Card_Interface1 New Designator=R213
Change Component Physical Designator: Old Designator=R65_U_Card_Interface2 New Designator=R221
Change Component Physical Designator: Old Designator=R65_U_Card_Interface3 New Designator=R229
Change Component Physical Designator: Old Designator=R65_U_Card_Interface4 New Designator=R22
Change Component Physical Designator: Old Designator=R66_U_Card_Interface1 New Designator=R214
Change Component Physical Designator: Old Designator=R66_U_Card_Interface2 New Designator=R222
Change Component Physical Designator: Old Designator=R66_U_Card_Interface3 New Designator=R230
Change Component Physical Designator: Old Designator=R67_U_Card_Interface1 New Designator=R215
Change Component Physical Designator: Old Designator=R67_U_Card_Interface2 New Designator=R223
Change Component Physical Designator: Old Designator=R67_U_Card_Interface3 New Designator=R231
Change Component Physical Designator: Old Designator=R68_U_Card_Interface1 New Designator=R216
Change Component Physical Designator: Old Designator=R68_U_Card_Interface2 New Designator=R224
Change Component Physical Designator: Old Designator=R68_U_Card_Interface3 New Designator=R232
Change Component Physical Designator: Old Designator=R69_U_Card_Interface1 New Designator=R217
Change Component Physical Designator: Old Designator=R69_U_Card_Interface2 New Designator=R225
Change Component Physical Designator: Old Designator=R69_U_Card_Interface3 New Designator=R233
Change Component Physical Designator: Old Designator=R70_U_Card_Interface1 New Designator=R218
Change Component Physical Designator: Old Designator=R70_U_Card_Interface2 New Designator=R226
Change Component Physical Designator: Old Designator=R70_U_Card_Interface3 New Designator=R234
Change Component Physical Designator: Old Designator=R70_U_Card_Interface4 New Designator=R27
Change Component Physical Designator: Old Designator=R71_U_Card_Interface1 New Designator=R219
Change Component Physical Designator: Old Designator=R71_U_Card_Interface2 New Designator=R227
Change Component Physical Designator: Old Designator=R71_U_Card_Interface3 New Designator=R235
Change Component Physical Designator: Old Designator=R71_U_Card_Interface4 New Designator=R28
Change Component Physical Designator: Old Designator=R89_U_Low_Current_Sense1 New Designator=R274
Change Component Physical Designator: Old Designator=R90_U_Low_Current_Sense1 New Designator=R275
Change Component Physical Designator: Old Designator=R91_U_Low_Current_Sense1 New Designator=R276
Change Component Physical Designator: Old Designator=R92_U_Low_Current_Sense1 New Designator=R277
Change Component Physical Designator: Old Designator=R93_U_Low_Current_Sense1 New Designator=R278
Change Component Physical Designator: Old Designator=R94_U_Low_Current_Sense1 New Designator=R279
Change Component Physical Designator: Old Designator=R95_U_Low_Current_Sense1 New Designator=R280
Change Component Physical Designator: Old Designator=R96_U_Low_Current_Sense1 New Designator=R281
Change Component Physical Designator: Old Designator=R97_U_Low_Current_Sense1 New Designator=R282
Change Component Physical Designator: Old Designator=R98 New Designator=R49
Change Component Physical Designator: Old Designator=R98_U_Low_Current_Sense1 New Designator=R283
Change Component Physical Designator: Old Designator=R99 New Designator=R50
Change Component Physical Designator: Old Designator=R99_U_Low_Current_Sense1 New Designator=R284
Change Component Physical Designator: Old Designator=R100 New Designator=R51
Change Component Physical Designator: Old Designator=R100_U_Low_Current_Sense1 New Designator=R285
Change Component Physical Designator: Old Designator=R101 New Designator=R52
Change Component Physical Designator: Old Designator=R101_U_Interface_Load_Switching2 New Designator=R236
Change Component Physical Designator: Old Designator=R102 New Designator=R53
Change Component Physical Designator: Old Designator=R102_U_Interface_Load_Switching2 New Designator=R237
Change Component Physical Designator: Old Designator=R103 New Designator=R54
Change Component Physical Designator: Old Designator=R103_U_Interface_Load_Switching2 New Designator=R238
Change Component Physical Designator: Old Designator=R104 New Designator=R55
Change Component Physical Designator: Old Designator=R104_U_Interface_Load_Switching2 New Designator=R239
Change Component Physical Designator: Old Designator=R105 New Designator=R56
Change Component Physical Designator: Old Designator=R105_U_Interface_Load_Switching2 New Designator=R240
Change Component Physical Designator: Old Designator=R106 New Designator=R57
Change Component Physical Designator: Old Designator=R106_U_Interface_Load_Switching2 New Designator=R241
Change Component Physical Designator: Old Designator=R107 New Designator=R58
Change Component Physical Designator: Old Designator=R107_U_Interface_Load_Switching2 New Designator=R242
Change Component Physical Designator: Old Designator=R108 New Designator=R59
Change Component Physical Designator: Old Designator=R108_U_Interface_Load_Switching2 New Designator=R243
Change Component Physical Designator: Old Designator=R109 New Designator=R60
Change Component Physical Designator: Old Designator=R109_U_Interface_Load_Switching2 New Designator=R244
Change Component Physical Designator: Old Designator=R110 New Designator=R61
Change Component Physical Designator: Old Designator=R110_U_Interface_Load_Switching2 New Designator=R245
Change Component Physical Designator: Old Designator=R111 New Designator=R62
Change Component Physical Designator: Old Designator=R111_U_Interface_Load_Switching2 New Designator=R246
Change Component Physical Designator: Old Designator=R112 New Designator=R63
Change Component Physical Designator: Old Designator=R112_U_Interface_Load_Switching2 New Designator=R247
Change Component Physical Designator: Old Designator=R113 New Designator=R64
Change Component Physical Designator: Old Designator=R113_U_Interface_Load_Switching2 New Designator=R248
Change Component Physical Designator: Old Designator=R114 New Designator=R65
Change Component Physical Designator: Old Designator=R114_U_Interface_Load_Switching2 New Designator=R249
Change Component Physical Designator: Old Designator=R115 New Designator=R66
Change Component Physical Designator: Old Designator=R115_U_Interface_Load_Switching2 New Designator=R250
Change Component Physical Designator: Old Designator=R116 New Designator=R67
Change Component Physical Designator: Old Designator=R116_U_Interface_Load_Switching2 New Designator=R251
Change Component Physical Designator: Old Designator=R117 New Designator=R68
Change Component Physical Designator: Old Designator=R117_U_Interface_Load_Switching2 New Designator=R252
Change Component Physical Designator: Old Designator=R118 New Designator=R69
Change Component Physical Designator: Old Designator=R118_U_Interface_Load_Switching2 New Designator=R253
Change Component Physical Designator: Old Designator=R119 New Designator=R70
Change Component Physical Designator: Old Designator=R119_U_Interface_Load_Switching2 New Designator=R254
Change Component Physical Designator: Old Designator=R120 New Designator=R71
Change Component Physical Designator: Old Designator=R120_U_Interface_Load_Switching2 New Designator=R255
Change Component Physical Designator: Old Designator=R121 New Designator=R72
Change Component Physical Designator: Old Designator=R121_U_Interface_Load_Switching2 New Designator=R256
Change Component Physical Designator: Old Designator=R122 New Designator=R73
Change Component Physical Designator: Old Designator=R122_U_Interface_Load_Switching2 New Designator=R257
Change Component Physical Designator: Old Designator=R123 New Designator=R74
Change Component Physical Designator: Old Designator=R123_U_Interface_Load_Switching2 New Designator=R258
Change Component Physical Designator: Old Designator=R124 New Designator=R75
Change Component Physical Designator: Old Designator=R124_U_Interface_Load_Switching2 New Designator=R259
Change Component Physical Designator: Old Designator=R125 New Designator=R76
Change Component Physical Designator: Old Designator=R125_U_Interface_Load_Switching2 New Designator=R260
Change Component Physical Designator: Old Designator=R126 New Designator=R77
Change Component Physical Designator: Old Designator=R126_U_Interface_Load_Switching2 New Designator=R261
Change Component Physical Designator: Old Designator=R127 New Designator=R78
Change Component Physical Designator: Old Designator=R127_U_Interface_Load_Switching2 New Designator=R262
Change Component Physical Designator: Old Designator=R128 New Designator=R79
Change Component Physical Designator: Old Designator=R128_U_Interface_Load_Switching2 New Designator=R263
Change Component Physical Designator: Old Designator=R129 New Designator=R80
Change Component Physical Designator: Old Designator=R129_U_Interface_Load_Switching2 New Designator=R264
Change Component Physical Designator: Old Designator=R130 New Designator=R81
Change Component Physical Designator: Old Designator=R130_U_Interface_Load_Switching2 New Designator=R265
Change Component Physical Designator: Old Designator=R131 New Designator=R82
Change Component Physical Designator: Old Designator=R131_U_Interface_Load_Switching2 New Designator=R266
Change Component Physical Designator: Old Designator=R132 New Designator=R83
Change Component Physical Designator: Old Designator=R132_U_Interface_Load_Switching2 New Designator=R267
Change Component Physical Designator: Old Designator=R133 New Designator=R84
Change Component Physical Designator: Old Designator=R133_U_Interface_Load_Switching2 New Designator=R268
Change Component Physical Designator: Old Designator=R134 New Designator=R85
Change Component Physical Designator: Old Designator=R134_U_Interface_Load_Switching2 New Designator=R269
Change Component Physical Designator: Old Designator=R135 New Designator=R86
Change Component Physical Designator: Old Designator=R135_U_Interface_Load_Switching2 New Designator=R270
Change Component Physical Designator: Old Designator=R136_U_Interface_Load_Switching2 New Designator=R271
Change Component Physical Designator: Old Designator=R137_U_Interface_Load_Switching2 New Designator=R272
Change Component Physical Designator: Old Designator=R138_U_Interface_Load_Switching2 New Designator=R273
Change Component Physical Designator: Old Designator=R148 New Designator=R1
Change Component Physical Designator: Old Designator=R148 New Designator=R87
Change Component Physical Designator: Old Designator=R149 New Designator=R88
Change Component Physical Designator: Old Designator=R150 New Designator=R89
Change Component Physical Designator: Old Designator=R151 New Designator=R90
Change Component Physical Designator: Old Designator=R152 New Designator=R91
Change Component Physical Designator: Old Designator=R153 New Designator=R92
Change Component Physical Designator: Old Designator=R154 New Designator=R93
Change Component Physical Designator: Old Designator=R155 New Designator=R94
Change Component Physical Designator: Old Designator=R156 New Designator=R95
Change Component Physical Designator: Old Designator=R157 New Designator=R96
Change Component Physical Designator: Old Designator=R158 New Designator=R97
Change Component Physical Designator: Old Designator=R159 New Designator=R98
Change Component Physical Designator: Old Designator=R160 New Designator=R99
Change Component Physical Designator: Old Designator=R161 New Designator=R100
Change Component Physical Designator: Old Designator=R162 New Designator=R101
Change Component Physical Designator: Old Designator=R163 New Designator=R102
Change Component Physical Designator: Old Designator=R164 New Designator=R103
Change Component Physical Designator: Old Designator=R165 New Designator=R104
Change Component Physical Designator: Old Designator=R166 New Designator=R105
Change Component Physical Designator: Old Designator=R167 New Designator=R106
Change Component Physical Designator: Old Designator=R168 New Designator=R107
Change Component Physical Designator: Old Designator=R169 New Designator=R108
Change Component Physical Designator: Old Designator=R170 New Designator=R109
Change Component Physical Designator: Old Designator=R171 New Designator=R110
Change Component Physical Designator: Old Designator=R172 New Designator=R111
Change Component Physical Designator: Old Designator=R173 New Designator=R112
Change Component Physical Designator: Old Designator=R174 New Designator=R113
Change Component Physical Designator: Old Designator=R175 New Designator=R114
Change Component Physical Designator: Old Designator=R176 New Designator=R115
Change Component Physical Designator: Old Designator=R177 New Designator=R116
Change Component Physical Designator: Old Designator=R178 New Designator=R117
Change Component Physical Designator: Old Designator=R179 New Designator=R118
Change Component Physical Designator: Old Designator=R180 New Designator=R119
Change Component Physical Designator: Old Designator=R181 New Designator=R120
Change Component Physical Designator: Old Designator=R182 New Designator=R121
Change Component Physical Designator: Old Designator=R183 New Designator=R122
Change Component Physical Designator: Old Designator=R184 New Designator=R123
Change Component Physical Designator: Old Designator=R185 New Designator=R124
Change Component Physical Designator: Old Designator=R186 New Designator=R125
Change Component Physical Designator: Old Designator=R187 New Designator=R126
Change Component Physical Designator: Old Designator=R188 New Designator=R127
Change Component Physical Designator: Old Designator=R189 New Designator=R128
Change Component Physical Designator: Old Designator=R190 New Designator=R129
Change Component Physical Designator: Old Designator=R191 New Designator=R130
Change Component Physical Designator: Old Designator=R192 New Designator=R131
Change Component Physical Designator: Old Designator=R193 New Designator=R132
Change Component Physical Designator: Old Designator=R194 New Designator=R133
Change Component Physical Designator: Old Designator=R195 New Designator=R134
Change Component Physical Designator: Old Designator=R196 New Designator=R135
Change Component Physical Designator: Old Designator=R197 New Designator=R136
Change Component Physical Designator: Old Designator=R198 New Designator=R137
Change Component Physical Designator: Old Designator=R199 New Designator=R138
Change Component Physical Designator: Old Designator=R200 New Designator=R139
Change Component Physical Designator: Old Designator=R201 New Designator=R140
Change Component Physical Designator: Old Designator=R202 New Designator=R141
Change Component Physical Designator: Old Designator=R203 New Designator=R142
Change Component Physical Designator: Old Designator=R204 New Designator=R143
Change Component Physical Designator: Old Designator=R205 New Designator=R144
Change Component Physical Designator: Old Designator=R206 New Designator=R145
Change Component Physical Designator: Old Designator=R207 New Designator=R146
Change Component Physical Designator: Old Designator=R208 New Designator=R147
Change Component Physical Designator: Old Designator=R209 New Designator=R148
Change Component Physical Designator: Old Designator=R210 New Designator=R149
Change Component Physical Designator: Old Designator=R211 New Designator=R150
Change Component Physical Designator: Old Designator=R212 New Designator=R151
Change Component Physical Designator: Old Designator=R213 New Designator=R152
Change Component Physical Designator: Old Designator=R214 New Designator=R153
Change Component Physical Designator: Old Designator=R215 New Designator=R154
Change Component Physical Designator: Old Designator=R216 New Designator=R155
Change Component Physical Designator: Old Designator=R217 New Designator=R156
Change Component Physical Designator: Old Designator=R218 New Designator=R157
Change Component Physical Designator: Old Designator=R219 New Designator=R158
Change Component Physical Designator: Old Designator=R220 New Designator=R159
Change Component Physical Designator: Old Designator=R221 New Designator=R160
Change Component Physical Designator: Old Designator=R222 New Designator=R161
Change Component Physical Designator: Old Designator=R223 New Designator=R162
Change Component Physical Designator: Old Designator=R224 New Designator=R163
Change Component Physical Designator: Old Designator=R225 New Designator=R164
Change Component Physical Designator: Old Designator=R226 New Designator=R165
Change Component Physical Designator: Old Designator=R227 New Designator=R166
Change Component Physical Designator: Old Designator=R228 New Designator=R167
Change Component Physical Designator: Old Designator=R229 New Designator=R168
Change Component Physical Designator: Old Designator=R230 New Designator=R169
Change Component Physical Designator: Old Designator=R231 New Designator=R170
Change Component Physical Designator: Old Designator=R232 New Designator=R171
Change Component Physical Designator: Old Designator=R233 New Designator=R172
Change Component Physical Designator: Old Designator=R234 New Designator=R173
Change Component Physical Designator: Old Designator=R235 New Designator=R174
Change Component Physical Designator: Old Designator=R236 New Designator=R175
Change Component Physical Designator: Old Designator=R237 New Designator=R176
Change Component Physical Designator: Old Designator=R238 New Designator=R177
Change Component Physical Designator: Old Designator=R239 New Designator=R178
Change Component Physical Designator: Old Designator=R240 New Designator=R179
Change Component Physical Designator: Old Designator=R241 New Designator=R180
Change Component Physical Designator: Old Designator=R242 New Designator=R181
Change Component Physical Designator: Old Designator=R243 New Designator=R182
Change Component Physical Designator: Old Designator=R244 New Designator=R183
Change Component Physical Designator: Old Designator=R245 New Designator=R184
Change Component Physical Designator: Old Designator=R246 New Designator=R185
Change Component Physical Designator: Old Designator=R247 New Designator=R186
Change Component Physical Designator: Old Designator=R248 New Designator=R187
Change Component Physical Designator: Old Designator=R249 New Designator=R188
Change Component Physical Designator: Old Designator=R250 New Designator=R189
Change Component Physical Designator: Old Designator=R251 New Designator=R190
Change Component Physical Designator: Old Designator=R252 New Designator=R191
Change Component Physical Designator: Old Designator=R253 New Designator=R192
Change Component Physical Designator: Old Designator=R254 New Designator=R193
Change Component Physical Designator: Old Designator=R255 New Designator=R194
Change Component Physical Designator: Old Designator=R256 New Designator=R195
Change Component Physical Designator: Old Designator=R257 New Designator=R196
Change Component Physical Designator: Old Designator=R258 New Designator=R197
Change Component Physical Designator: Old Designator=R259 New Designator=R198
Change Component Physical Designator: Old Designator=R260 New Designator=R199
Change Component Physical Designator: Old Designator=R261 New Designator=R200
Change Component Physical Designator: Old Designator=R262 New Designator=R201
Change Component Physical Designator: Old Designator=R263 New Designator=R202
Change Component Physical Designator: Old Designator=R264 New Designator=R203
Change Component Physical Designator: Old Designator=R265 New Designator=R204
Change Component Physical Designator: Old Designator=R266 New Designator=R205
Change Component Physical Designator: Old Designator=R267 New Designator=R206
Change Component Physical Designator: Old Designator=R268 New Designator=R207
Change Component Physical Designator: Old Designator=R269 New Designator=R208
Change Component Physical Designator: Old Designator=R270 New Designator=R209
Change Component Physical Designator: Old Designator=R271 New Designator=R210
Change Component Physical Designator: Old Designator=TP1 New Designator=TP30
Change Component Physical Designator: Old Designator=TP1 New Designator=TP2
Change Component Physical Designator: Old Designator=TP2 New Designator=TP31
Change Component Physical Designator: Old Designator=TP2 New Designator=TP3
Change Component Physical Designator: Old Designator=TP3 New Designator=TP32
Change Component Physical Designator: Old Designator=TP3 New Designator=TP4
Change Component Physical Designator: Old Designator=TP4 New Designator=TP33
Change Component Physical Designator: Old Designator=TP4 New Designator=TP5
Change Component Physical Designator: Old Designator=TP5 New Designator=TP34
Change Component Physical Designator: Old Designator=TP5 New Designator=TP8
Change Component Physical Designator: Old Designator=TP6 New Designator=TP35
Change Component Physical Designator: Old Designator=TP6 New Designator=TP9
Change Component Physical Designator: Old Designator=TP7 New Designator=TP36
Change Component Physical Designator: Old Designator=TP7 New Designator=TP16
Change Component Physical Designator: Old Designator=TP8 New Designator=TP37
Change Component Physical Designator: Old Designator=TP8 New Designator=TP17
Change Component Physical Designator: Old Designator=TP9 New Designator=TP18
Change Component Physical Designator: Old Designator=TP10 New Designator=TP19
Change Component Physical Designator: Old Designator=TP11 New Designator=TP20
Change Component Physical Designator: Old Designator=TP12 New Designator=TP21
Change Component Physical Designator: Old Designator=TP13 New Designator=TP6
Change Component Physical Designator: Old Designator=TP13 New Designator=TP22
Change Component Physical Designator: Old Designator=TP14 New Designator=TP7
Change Component Physical Designator: Old Designator=TP14 New Designator=TP25
Change Component Physical Designator: Old Designator=TP15 New Designator=TP26
Change Component Physical Designator: Old Designator=TP16 New Designator=TP27
Change Component Physical Designator: Old Designator=TP17 New Designator=TP28
Change Component Physical Designator: Old Designator=TP18 New Designator=TP29
Change Component Physical Designator: Old Designator=TP26 New Designator=TP23
Change Component Physical Designator: Old Designator=TP27 New Designator=TP24
Change Component Physical Designator: Old Designator=TP31_U_Interface_Load_Switching1 New Designator=TP10
Change Component Physical Designator: Old Designator=TP31_U_Interface_Load_Switching2 New Designator=TP38
Change Component Physical Designator: Old Designator=TP32_U_Interface_Load_Switching1 New Designator=TP11
Change Component Physical Designator: Old Designator=TP32_U_Interface_Load_Switching2 New Designator=TP39
Change Component Physical Designator: Old Designator=TP33_U_Interface_Load_Switching1 New Designator=TP12
Change Component Physical Designator: Old Designator=TP33_U_Interface_Load_Switching2 New Designator=TP40
Change Component Physical Designator: Old Designator=TP34_U_Interface_Load_Switching1 New Designator=TP13
Change Component Physical Designator: Old Designator=TP34_U_Interface_Load_Switching2 New Designator=TP41
Change Component Physical Designator: Old Designator=TP35_U_Interface_Load_Switching1 New Designator=TP14
Change Component Physical Designator: Old Designator=TP35_U_Interface_Load_Switching2 New Designator=TP42
Change Component Physical Designator: Old Designator=TP36_U_Interface_Load_Switching1 New Designator=TP15
Change Component Physical Designator: Old Designator=TP36_U_Interface_Load_Switching2 New Designator=TP43
Change Component Physical Designator: Old Designator=TP37 New Designator=TP1
Change Component Physical Designator: Old Designator=U6 New Designator=U5
Change Component Physical Designator: Old Designator=U7 New Designator=U6
Change Component Physical Designator: Old Designator=U7 New Designator=U6
Change Component Physical Designator: Old Designator=U7 New Designator=U6
Change Component Physical Designator: Old Designator=U7 New Designator=U6
Change Component Physical Designator: Old Designator=U7 New Designator=U6
Change Component Physical Designator: Old Designator=U8 New Designator=U7
Change Component Physical Designator: Old Designator=U9 New Designator=U8
Change Component Physical Designator: Old Designator=U10 New Designator=U9
Change Component Physical Designator: Old Designator=U11 New Designator=U10
Change Component Physical Designator: Old Designator=U11_U_Low_Current_Sense1 New Designator=U13
Change Component Physical Designator: Old Designator=U12 New Designator=U11
Change Component Physical Designator: Old Designator=U13 New Designator=U12
Change Component Physical Designator: Old Designator=X6 New Designator=X3
Change Component Physical Designator: Old Designator=X7 New Designator=X4
Change Component Physical Designator: Old Designator=X8 New Designator=X5
Change Component Physical Designator: Old Designator=X9 New Designator=X6
Change Component Physical Designator: Old Designator=X10 New Designator=X7
Change Component Physical Designator: Old Designator=X10_U_Card_Interface1 New Designator=X11
Change Component Physical Designator: Old Designator=X10_U_Card_Interface2 New Designator=X12
Change Component Physical Designator: Old Designator=X10_U_Card_Interface3 New Designator=X13
Change Component Physical Designator: Old Designator=X11 New Designator=X14
Change Component Physical Designator: Old Designator=X11 New Designator=X8
Change Component Physical Designator: Old Designator=X12 New Designator=X9
Change Component Physical Designator: Old Designator=X13 New Designator=X10
