Removed Pin From Net: NetName=3V3_PWR_U_Interface_Load_Switching1 Pin=C11-2
Removed Pin From Net: NetName=3V3_PWR_U_Interface_Load_Switching1 Pin=C12-2
Removed Pin From Net: NetName=3V3_PWR_U_Interface_Load_Switching1 Pin=C35-2
Removed Pin From Net: NetName=3V3_PWR_U_Interface_Load_Switching1 Pin=C36-2
Removed Pin From Net: NetName=3V3_PWR_U_Interface_Load_Switching1 Pin=C38-2
Removed Pin From Net: NetName=3V3_PWR_U_Interface_Load_Switching1 Pin=C39-2
Removed Pin From Net: NetName=3V3_PWR_U_Interface_Load_Switching1 Pin=C40-2
Removed Pin From Net: NetName=3V3_PWR_U_Interface_Load_Switching1 Pin=C41-2
Removed Pin From Net: NetName=3V3_PWR_U_Interface_Load_Switching1 Pin=C42-2
Removed Pin From Net: NetName=3V3_PWR_U_Interface_Load_Switching1 Pin=C43-2
Removed Pin From Net: NetName=3V3_PWR_U_Interface_Load_Switching1 Pin=C44-2
Removed Pin From Net: NetName=3V3_PWR_U_Interface_Load_Switching1 Pin=C45-2
Removed Pin From Net: NetName=3V3_PWR_U_Interface_Load_Switching1 Pin=R29-2
Removed Pin From Net: NetName=3V3_PWR_U_Interface_Load_Switching1 Pin=R30-2
Removed Pin From Net: NetName=3V3_PWR_U_Interface_Load_Switching1 Pin=R31-2
Removed Pin From Net: NetName=3V3_PWR_U_Interface_Load_Switching1 Pin=R99-1
Removed Pin From Net: NetName=3V3_PWR_U_Interface_Load_Switching1 Pin=R100-2
Removed Pin From Net: NetName=3V3_PWR_U_Interface_Load_Switching1 Pin=R101-2
Removed Pin From Net: NetName=3V3_PWR_U_Interface_Load_Switching1 Pin=R102-2
Removed Pin From Net: NetName=3V3_PWR_U_Interface_Load_Switching1 Pin=R103-2
Removed Pin From Net: NetName=3V3_PWR_U_Interface_Load_Switching1 Pin=R106-1
Removed Pin From Net: NetName=3V3_PWR_U_Interface_Load_Switching1 Pin=S1-1
Removed Pin From Net: NetName=3V3_PWR_U_Interface_Load_Switching1 Pin=U3-8
Removed Pin From Net: NetName=3V3_PWR_U_Interface_Load_Switching1 Pin=U6-1
Removed Pin From Net: NetName=3V3_PWR_U_Interface_Load_Switching1 Pin=U6-13
Removed Pin From Net: NetName=3V3_PWR_U_Interface_Load_Switching1 Pin=U6-19
Removed Pin From Net: NetName=3V3_PWR_U_Interface_Load_Switching1 Pin=U6-32
Removed Pin From Net: NetName=3V3_PWR_U_Interface_Load_Switching1 Pin=U6-48
Removed Pin From Net: NetName=3V3_PWR_U_Interface_Load_Switching1 Pin=U6-64
Removed Pin From Net: NetName=3V3_PWR_U_Interface_Load_Switching1 Pin=X8-1
Removed Pin From Net: NetName=3V3_PWR_U_Interface_Load_Switching1 Pin=X9-01
Removed Pin From Net: NetName=VCC_5V Pin=X10-2
Change Component Designator: OldDesignator=R107 NewDesignator=R108
Change Component Designator: OldDesignator=R108 NewDesignator=R107
Change Component Designator: OldDesignator=TP34 NewDesignator=TP37
Change Component Designator: OldDesignator=TP35 NewDesignator=TP38
Change Component Designator: OldDesignator=TP36 NewDesignator=TP39
Change Component Designator: OldDesignator=TP37 NewDesignator=TP40
Change Component Designator: OldDesignator=TP38 NewDesignator=TP42
Change Component Designator: OldDesignator=TP39 NewDesignator=TP43
Change Component Designator: OldDesignator=TP40 NewDesignator=TP44
Change Component Designator: OldDesignator=TP41 NewDesignator=TP45
Change Component Designator: OldDesignator=TP42 NewDesignator=TP46
Change Component Designator: OldDesignator=TP43 NewDesignator=TP47
Added Component: Designator=TP34(1mm_testpoint)
Add component (AddParameter): Name = "ComponentLink1Description"; Value = "Digikey"; VariantName = "[No Variations]"
Add component (AddParameter): Name = "ComponentLink1URL"; Value = "https://www.digikey.com/product-detail/en/te-connectivity-amp-connectors/RCU-0C/A106145CT-ND/3477802"; VariantName = "[No Variations]"
Added Component: Designator=TP35(1mm_testpoint)
Add component (AddParameter): Name = "ComponentLink1Description"; Value = "Digikey"; VariantName = "[No Variations]"
Add component (AddParameter): Name = "ComponentLink1URL"; Value = "https://www.digikey.com/product-detail/en/te-connectivity-amp-connectors/RCU-0C/A106145CT-ND/3477802"; VariantName = "[No Variations]"
Added Component: Designator=TP36(1mm_testpoint)
Add component (AddParameter): Name = "ComponentLink1Description"; Value = "Digikey"; VariantName = "[No Variations]"
Add component (AddParameter): Name = "ComponentLink1URL"; Value = "https://www.digikey.com/product-detail/en/te-connectivity-amp-connectors/RCU-0C/A106145CT-ND/3477802"; VariantName = "[No Variations]"
Added Component: Designator=TP41(1mm_testpoint)
Add component (AddParameter): Name = "ComponentLink1Description"; Value = "Digikey"; VariantName = "[No Variations]"
Add component (AddParameter): Name = "ComponentLink1URL"; Value = "https://www.digikey.com/product-detail/en/te-connectivity-amp-connectors/RCU-0C/A106145CT-ND/3477802"; VariantName = "[No Variations]"
Added Pin To Net: NetName=VCC_3V3_STBY Pin=C11-2
Added Pin To Net: NetName=VCC_3V3_STBY Pin=C12-2
Added Pin To Net: NetName=VCC_3V3_STBY Pin=C35-2
Added Pin To Net: NetName=VCC_3V3_STBY Pin=C36-2
Added Pin To Net: NetName=VCC_3V3_STBY Pin=C38-2
Added Pin To Net: NetName=VCC_3V3_STBY Pin=C39-2
Added Pin To Net: NetName=VCC_3V3_STBY Pin=C40-2
Added Pin To Net: NetName=VCC_3V3_STBY Pin=C41-2
Added Pin To Net: NetName=VCC_3V3_STBY Pin=C42-2
Added Pin To Net: NetName=VCC_3V3_STBY Pin=C43-2
Added Pin To Net: NetName=VCC_3V3_STBY Pin=C44-2
Added Pin To Net: NetName=VCC_3V3_STBY Pin=C45-2
Added Pin To Net: NetName=VCC_3V3_STBY Pin=R29-2
Added Pin To Net: NetName=VCC_3V3_STBY Pin=R30-2
Added Pin To Net: NetName=VCC_3V3_STBY Pin=R31-2
Added Pin To Net: NetName=ONBOARD_I2C_SDA Pin=R38-2
Added Pin To Net: NetName=ONBOARD_I2C_SCL Pin=R39-2
Added Pin To Net: NetName=ONBOARD_I2C_SDA Pin=R46-2
Added Pin To Net: NetName=ONBOARD_I2C_SCL Pin=R47-2
Added Pin To Net: NetName=ONBOARD_I2C_SDA Pin=R88-2
Added Pin To Net: NetName=ONBOARD_I2C_SCL Pin=R89-2
Added Pin To Net: NetName=ONBOARD_I2C_SDA Pin=R96-2
Added Pin To Net: NetName=ONBOARD_I2C_SCL Pin=R97-2
Added Pin To Net: NetName=VCC_3V3_STBY Pin=R99-1
Added Pin To Net: NetName=VCC_3V3_STBY Pin=R100-2
Added Pin To Net: NetName=VCC_3V3_STBY Pin=R101-2
Added Pin To Net: NetName=VCC_3V3_STBY Pin=R102-2
Added Pin To Net: NetName=VCC_3V3_STBY Pin=R103-2
Added Pin To Net: NetName=VCC_3V3_STBY Pin=R106-1
Added Pin To Net: NetName=ONBOARD_I2C_SDA Pin=R212-2
Added Pin To Net: NetName=ONBOARD_I2C_SCL Pin=R213-2
Added Pin To Net: NetName=ONBOARD_I2C_SDA Pin=R220-2
Added Pin To Net: NetName=ONBOARD_I2C_SCL Pin=R221-2
Added Pin To Net: NetName=VCC_3V3_STBY Pin=S1-1
Added Pin To Net: NetName=EEPROM_HOLD Pin=TP34-1
Added Pin To Net: NetName=EEPROM_WP Pin=TP35-1
Added Pin To Net: NetName=FAN_TACH Pin=TP36-1
Added Pin To Net: NetName=STBY Pin=TP41-1
Added Pin To Net: NetName=VCC_3V3_STBY Pin=U3-8
Added Pin To Net: NetName=ONBOARD_I2C_SDA Pin=U4-4
Added Pin To Net: NetName=ONBOARD_I2C_SCL Pin=U4-5
Added Pin To Net: NetName=ONBOARD_I2C_SDA Pin=U5-4
Added Pin To Net: NetName=ONBOARD_I2C_SCL Pin=U5-5
Added Pin To Net: NetName=VCC_3V3_STBY Pin=U6-1
Added Pin To Net: NetName=VCC_3V3_STBY Pin=U6-13
Added Pin To Net: NetName=VCC_3V3_STBY Pin=U6-19
Added Pin To Net: NetName=VCC_3V3_STBY Pin=U6-32
Added Pin To Net: NetName=VCC_3V3_STBY Pin=U6-48
Added Pin To Net: NetName=VCC_3V3_STBY Pin=U6-64
Added Pin To Net: NetName=ONBOARD_I2C_SDA Pin=U13-4
Added Pin To Net: NetName=ONBOARD_I2C_SCL Pin=U13-5
Added Pin To Net: NetName=VCC_3V3_STBY Pin=X8-1
Added Pin To Net: NetName=VCC_3V3_STBY Pin=X9-01
Added Pin To Net: NetName=5VSB_ATX Pin=X10-2
Change Net Name : Old Net Name=NetR108_2 New Net Name=NetR107_2
Change Net Name : Old Net Name=VCC_3V3_STBY New Net Name=VCC
Added Member To Class: ClassName=VCTS_Mainboard Member=Component TP38 (TP9) 1mm Testpoint
Added Member To Class: ClassName=VCTS_Mainboard Member=Component TP39 (TP10) 1mm Testpoint
Added Member To Class: ClassName=VCTS_Mainboard Member=Component TP40 (TP11) 1mm Testpoint
Added Member To Class: ClassName=VCTS_Mainboard Member=Component TP41 (TP12) 1mm Testpoint
